[15:32:55] [INFO] [FabricLoader/GameProvider]: Loading Minecraft 1.19 with Fabric Loader 0.14.6
[15:32:56] [ERROR] [FabricLoader/]: Uncaught exception in thread "main"
java.lang.NoClassDefFoundError: org/hotswap/agent/config/PluginManager
	at org.apache.logging.log4j.core.LoggerContext.setConfiguration(LoggerContext.java:647)
	at org.apache.logging.log4j.core.LoggerContext.reconfigure(LoggerContext.java:699)
	at org.apache.logging.log4j.core.LoggerContext.reconfigure(LoggerContext.java:716)
	at org.apache.logging.log4j.core.LoggerContext.start(LoggerContext.java:270)
	at org.apache.logging.log4j.core.impl.Log4jContextFactory.getContext(Log4jContextFactory.java:245)
	at org.apache.logging.log4j.core.impl.Log4jContextFactory.getContext(Log4jContextFactory.java:47)
	at org.apache.logging.log4j.LogManager.getContext(LogManager.java:176)
	at org.apache.logging.log4j.LogManager.getLogger(LogManager.java:666)
	at net.fabricmc.loader.impl.game.minecraft.Log4jLogHandler.getLogger(Log4jLogHandler.java:58)
	at net.fabricmc.loader.impl.game.minecraft.Log4jLogHandler.log(Log4jLogHandler.java:51)
	at net.fabricmc.loader.impl.util.log.BuiltinLogHandler.replay(BuiltinLogHandler.java:128)
	at net.fabricmc.loader.impl.util.log.Log.init(Log.java:34)
	at net.fabricmc.loader.impl.game.minecraft.MinecraftGameProvider.setupLogHandler(MinecraftGameProvider.java:366)
	at net.fabricmc.loader.impl.game.minecraft.MinecraftGameProvider.initialize(MinecraftGameProvider.java:337)
	at net.fabricmc.loader.impl.launch.knot.Knot.init(Knot.java:142)
	at net.fabricmc.loader.impl.launch.knot.Knot.launch(Knot.java:68)
	at net.fabricmc.loader.impl.launch.knot.KnotClient.main(KnotClient.java:23)
	at net.fabricmc.devlaunchinjector.Main.main(Main.java:86)
Caused by: java.lang.ClassNotFoundException: can't load class org.hotswap.agent.config.PluginManager at /Library/Java/JavaVirtualMachines/jbr-dcevm-17.jdk/Contents/Home/lib/hotswap/hotswap-agent.jar as it hasn't been exposed to the game (yet?)
	at net.fabricmc.loader.impl.launch.knot.KnotClassDelegate.loadClass(KnotClassDelegate.java:239)
	at net.fabricmc.loader.impl.launch.knot.KnotClassLoader.loadClass(KnotClassLoader.java:145)
	at java.base/java.lang.ClassLoader.loadClass(ClassLoader.java:520)
	... 18 more
